<?xml version="1.0" encoding="UTF-8"?>
<!-- Generated by org.testng.reporters.JUnitReportReporter -->
<testsuite hostname="DESKTOP-7EHHOO2" failures="0" tests="1" name="com.crm.qa.testcases.Contact_PageTest" time="46.465" errors="0" timestamp="2021-11-12T11:06:25 IST" skipped="0">
  <testcase classname="com.crm.qa.testcases.Contact_PageTest" name="savecontactTest" time="46.465"/>
  <system-out/>
</testsuite> <!-- com.crm.qa.testcases.Contact_PageTest -->
