<?xml version="1.0" encoding="UTF-8"?>
<!-- Generated by org.testng.reporters.JUnitReportReporter -->
<testsuite hostname="DESKTOP-7EHHOO2" failures="0" tests="2" name="com.crm.qa.testcases.LoginPageTest" time="15.532" errors="0" timestamp="2021-11-12T11:06:25 IST" skipped="0">
  <testcase classname="com.crm.qa.testcases.LoginPageTest" name="loginPageTitleTest" time="4.538"/>
  <system-out/>
  <testcase classname="com.crm.qa.testcases.LoginPageTest" name="login" time="10.994"/>
  <system-out/>
</testsuite> <!-- com.crm.qa.testcases.LoginPageTest -->
